# JRE version: Java(TM) SE Runtime Environment (17.0.6+9) (build 17.0.6+9-LTS-190)
# Java VM: Java HotSpot(TM) 64-Bit Server VM (17.0.6+9-LTS-190, mixed mode, emulated-client, sharing, tiered, compressed oops, compressed class ptrs, g1 gc, windows-amd64)
GC Precious Log:
 CPUs: 6 total, 6 available
 Memory: 3442M
 Large Page Support: Disabled
 NUMA Support: Disabled
 Compressed Oops: Enabled (32-bit)
 Heap Region Size: 1M
 Heap Min Capacity: 8M
 Heap Initial Capacity: 54M
 Heap Max Capacity: 862M
 Pre-touch: Disabled
 Parallel Workers: 6
 Concurrent Workers: 2
 Concurrent Refinement Workers: 6
 Periodic GC: Disabled
Heap:
 garbage-first heap   total 51200K, used 28366K [0x00000000ca200000, 0x0000000100000000)
  region size 1024K, 7 young (7168K), 2 survivors (2048K)
 Metaspace       used 51492K, committed 51968K, reserved 1097728K
  class space    used 7515K, committed 7744K, reserved 1048576K
GC Heap History (20 events):
Event: 3.358 GC heap before
{Heap before GC invocations=7 (full 0):
 garbage-first heap   total 51200K, used 16265K [0x00000000ca200000, 0x0000000100000000)
  region size 1024K, 4 young (4096K), 3 survivors (3072K)
 Metaspace       used 23137K, committed 23488K, reserved 1073152K
  class space    used 3223K, committed 3392K, reserved 1048576K
}
Event: 3.360 GC heap after
{Heap after GC invocations=8 (full 0):
 garbage-first heap   total 51200K, used 15437K [0x00000000ca200000, 0x0000000100000000)
  region size 1024K, 1 young (1024K), 1 survivors (1024K)
 Metaspace       used 23137K, committed 23488K, reserved 1073152K
  class space    used 3223K, committed 3392K, reserved 1048576K
}
Event: 3.822 GC heap before
{Heap before GC invocations=8 (full 0):
 garbage-first heap   total 51200K, used 35917K [0x00000000ca200000, 0x0000000100000000)
  region size 1024K, 21 young (21504K), 1 survivors (1024K)
 Metaspace       used 25455K, committed 25792K, reserved 1073152K
  class space    used 3544K, committed 3712K, reserved 1048576K
}
Event: 3.824 GC heap after
{Heap after GC invocations=9 (full 0):
 garbage-first heap   total 51200K, used 16326K [0x00000000ca200000, 0x0000000100000000)
  region size 1024K, 2 young (2048K), 2 survivors (2048K)
 Metaspace       used 25455K, committed 25792K, reserved 1073152K
  class space    used 3544K, committed 3712K, reserved 1048576K
}
Event: 4.561 GC heap before
{Heap before GC invocations=9 (full 0):
 garbage-first heap   total 51200K, used 37830K [0x00000000ca200000, 0x0000000100000000)
  region size 1024K, 23 young (23552K), 2 survivors (2048K)
 Metaspace       used 28769K, committed 29120K, reserved 1081344K
  class space    used 4055K, committed 4224K, reserved 1048576K
}
Event: 4.565 GC heap after
{Heap after GC invocations=10 (full 0):
 garbage-first heap   total 51200K, used 18336K [0x00000000ca200000, 0x0000000100000000)
  region size 1024K, 3 young (3072K), 3 survivors (3072K)
 Metaspace       used 28769K, committed 29120K, reserved 1081344K
  class space    used 4055K, committed 4224K, reserved 1048576K
}
Event: 5.077 GC heap before
{Heap before GC invocations=10 (full 0):
 garbage-first heap   total 51200K, used 38816K [0x00000000ca200000, 0x0000000100000000)
  region size 1024K, 23 young (23552K), 3 survivors (3072K)
 Metaspace       used 31513K, committed 31936K, reserved 1081344K
  class space    used 4433K, committed 4672K, reserved 1048576K
}
Event: 5.081 GC heap after
{Heap after GC invocations=11 (full 0):
 garbage-first heap   total 51200K, used 20535K [0x00000000ca200000, 0x0000000100000000)
  region size 1024K, 3 young (3072K), 3 survivors (3072K)
 Metaspace       used 31513K, committed 31936K, reserved 1081344K
  class space    used 4433K, committed 4672K, reserved 1048576K
}
Event: 5.577 GC heap before
{Heap before GC invocations=11 (full 0):
 garbage-first heap   total 51200K, used 37943K [0x00000000ca200000, 0x0000000100000000)
  region size 1024K, 21 young (21504K), 3 survivors (3072K)
 Metaspace       used 35106K, committed 35584K, reserved 1081344K
  class space    used 4974K, committed 5184K, reserved 1048576K
}
Event: 5.581 GC heap after
{Heap after GC invocations=12 (full 0):
 garbage-first heap   total 51200K, used 21544K [0x00000000ca200000, 0x0000000100000000)
  region size 1024K, 2 young (2048K), 2 survivors (2048K)
 Metaspace       used 35106K, committed 35584K, reserved 1081344K
  class space    used 4974K, committed 5184K, reserved 1048576K
}
Event: 5.629 GC heap before
{Heap before GC invocations=12 (full 0):
 garbage-first heap   total 51200K, used 22568K [0x00000000ca200000, 0x0000000100000000)
  region size 1024K, 4 young (4096K), 2 survivors (2048K)
 Metaspace       used 35548K, committed 35968K, reserved 1081344K
  class space    used 5054K, committed 5248K, reserved 1048576K
}
Event: 5.631 GC heap after
{Heap after GC invocations=13 (full 0):
 garbage-first heap   total 51200K, used 21471K [0x00000000ca200000, 0x0000000100000000)
  region size 1024K, 1 young (1024K), 1 survivors (1024K)
 Metaspace       used 35548K, committed 35968K, reserved 1081344K
  class space    used 5054K, committed 5248K, reserved 1048576K
}
Event: 6.492 GC heap before
{Heap before GC invocations=14 (full 0):
 garbage-first heap   total 51200K, used 40927K [0x00000000ca200000, 0x0000000100000000)
  region size 1024K, 20 young (20480K), 1 survivors (1024K)
 Metaspace       used 40758K, committed 41216K, reserved 1089536K
  class space    used 5753K, committed 5952K, reserved 1048576K
}
Event: 6.496 GC heap after
{Heap after GC invocations=15 (full 0):
 garbage-first heap   total 51200K, used 22801K [0x00000000ca200000, 0x0000000100000000)
  region size 1024K, 3 young (3072K), 3 survivors (3072K)
 Metaspace       used 40758K, committed 41216K, reserved 1089536K
  class space    used 5753K, committed 5952K, reserved 1048576K
}
Event: 7.157 GC heap before
{Heap before GC invocations=15 (full 0):
 garbage-first heap   total 51200K, used 40209K [0x00000000ca200000, 0x0000000100000000)
  region size 1024K, 20 young (20480K), 3 survivors (3072K)
 Metaspace       used 44103K, committed 44608K, reserved 1089536K
  class space    used 6214K, committed 6464K, reserved 1048576K
}
Event: 7.163 GC heap after
{Heap after GC invocations=16 (full 0):
 garbage-first heap   total 51200K, used 24067K [0x00000000ca200000, 0x0000000100000000)
  region size 1024K, 3 young (3072K), 3 survivors (3072K)
 Metaspace       used 44103K, committed 44608K, reserved 1089536K
  class space    used 6214K, committed 6464K, reserved 1048576K
}
Event: 7.758 GC heap before
{Heap before GC invocations=16 (full 0):
 garbage-first heap   total 51200K, used 41475K [0x00000000ca200000, 0x0000000100000000)
  region size 1024K, 20 young (20480K), 3 survivors (3072K)
 Metaspace       used 48516K, committed 49024K, reserved 1097728K
  class space    used 6986K, committed 7232K, reserved 1048576K
}
Event: 7.762 GC heap after
{Heap after GC invocations=17 (full 0):
 garbage-first heap   total 51200K, used 24866K [0x00000000ca200000, 0x0000000100000000)
  region size 1024K, 3 young (3072K), 3 survivors (3072K)
 Metaspace       used 48516K, committed 49024K, reserved 1097728K
  class space    used 6986K, committed 7232K, reserved 1048576K
}
Event: 8.116 GC heap before
{Heap before GC invocations=17 (full 0):
 garbage-first heap   total 51200K, used 40226K [0x00000000ca200000, 0x0000000100000000)
  region size 1024K, 18 young (18432K), 3 survivors (3072K)
 Metaspace       used 50716K, committed 51264K, reserved 1097728K
  class space    used 7331K, committed 7616K, reserved 1048576K
}
Event: 8.118 GC heap after
{Heap after GC invocations=18 (full 0):
 garbage-first heap   total 51200K, used 25294K [0x00000000ca200000, 0x0000000100000000)
  region size 1024K, 2 young (2048K), 2 survivors (2048K)
 Metaspace       used 50716K, committed 51264K, reserved 1097728K
  class space    used 7331K, committed 7616K, reserved 1048576K
}

